<?xml version="1.0" encoding="UTF-8"?>
<testsuite name="com.cg.TestTransactions" tests="1" skipped="0" failures="0" errors="0" timestamp="2022-05-08T19:03:27" hostname="RISHABH" time="0.05">
  <properties/>
  <testcase name="testBuyProperty()" classname="com.cg.TestTransactions" time="0.05"/>
  <system-out><![CDATA[2022-05-09 00:33:27.419  INFO 9848 --- [    Test worker] .b.t.c.SpringBootTestContextBootstrapper : Neither @ContextConfiguration nor @ContextHierarchy found for test class [com.cg.TestTransactions], using SpringBootContextLoader
2022-05-09 00:33:27.421  INFO 9848 --- [    Test worker] o.s.t.c.support.AbstractContextLoader    : Could not detect default resource locations for test class [com.cg.TestTransactions]: no resource found for suffixes {-context.xml, Context.groovy}.
2022-05-09 00:33:27.423  INFO 9848 --- [    Test worker] t.c.s.AnnotationConfigContextLoaderUtils : Could not detect default configuration classes for test class [com.cg.TestTransactions]: TestTransactions does not declare any static, non-private, non-final, nested classes annotated with @Configuration.
2022-05-09 00:33:27.426  INFO 9848 --- [    Test worker] .b.t.c.SpringBootTestContextBootstrapper : Found @SpringBootConfiguration com.cg.ProjectManagmentSystemApplication for test class com.cg.TestTransactions
2022-05-09 00:33:27.430  INFO 9848 --- [    Test worker] .b.t.c.SpringBootTestContextBootstrapper : Loaded default TestExecutionListener class names from location [META-INF/spring.factories]: [org.springframework.boot.test.autoconfigure.restdocs.RestDocsTestExecutionListener, org.springframework.boot.test.autoconfigure.web.client.MockRestServiceServerResetTestExecutionListener, org.springframework.boot.test.autoconfigure.web.servlet.MockMvcPrintOnlyOnFailureTestExecutionListener, org.springframework.boot.test.autoconfigure.web.servlet.WebDriverTestExecutionListener, org.springframework.boot.test.autoconfigure.webservices.client.MockWebServiceServerTestExecutionListener, org.springframework.boot.test.mock.mockito.MockitoTestExecutionListener, org.springframework.boot.test.mock.mockito.ResetMocksTestExecutionListener, org.springframework.test.context.web.ServletTestExecutionListener, org.springframework.test.context.support.DirtiesContextBeforeModesTestExecutionListener, org.springframework.test.context.event.ApplicationEventsTestExecutionListener, org.springframework.test.context.support.DependencyInjectionTestExecutionListener, org.springframework.test.context.support.DirtiesContextTestExecutionListener, org.springframework.test.context.transaction.TransactionalTestExecutionListener, org.springframework.test.context.jdbc.SqlScriptsTestExecutionListener, org.springframework.test.context.event.EventPublishingTestExecutionListener]
2022-05-09 00:33:27.432  INFO 9848 --- [    Test worker] .b.t.c.SpringBootTestContextBootstrapper : Using TestExecutionListeners: [org.springframework.test.context.web.ServletTestExecutionListener@4b7ab262, org.springframework.test.context.support.DirtiesContextBeforeModesTestExecutionListener@f7a19c4, org.springframework.test.context.event.ApplicationEventsTestExecutionListener@36f93ea3, org.springframework.boot.test.mock.mockito.MockitoTestExecutionListener@2c48eb31, org.springframework.boot.test.autoconfigure.SpringBootDependencyInjectionTestExecutionListener@323fa578, org.springframework.test.context.support.DirtiesContextTestExecutionListener@6d543ec2, org.springframework.test.context.transaction.TransactionalTestExecutionListener@12a719ed, org.springframework.test.context.jdbc.SqlScriptsTestExecutionListener@79dd79eb, org.springframework.test.context.event.EventPublishingTestExecutionListener@368617cd, org.springframework.boot.test.autoconfigure.restdocs.RestDocsTestExecutionListener@7ae88df1, org.springframework.boot.test.autoconfigure.web.client.MockRestServiceServerResetTestExecutionListener@502a9b30, org.springframework.boot.test.autoconfigure.web.servlet.MockMvcPrintOnlyOnFailureTestExecutionListener@422ab2ff, org.springframework.boot.test.autoconfigure.web.servlet.WebDriverTestExecutionListener@4494ed08, org.springframework.boot.test.autoconfigure.webservices.client.MockWebServiceServerTestExecutionListener@7a2d676e, org.springframework.boot.test.mock.mockito.ResetMocksTestExecutionListener@7e5a8000]
Property [propertyId=1, type=null, socialInfrastructure=null, constructionQuality=null, propertyName=property1, address=null, sellOrRent=null, price=0.0, sizeOfApartment=0, owner=null]
]]></system-out>
  <system-err><![CDATA[]]></system-err>
</testsuite>
