<?xml version="1.0" encoding="UTF-8"?>
<testsuite name="com.cg.TestMaintenance" tests="1" skipped="0" failures="0" errors="0" timestamp="2022-05-08T19:03:27" hostname="RISHABH" time="0.054">
  <properties/>
  <testcase name="testAllMaintenance()" classname="com.cg.TestMaintenance" time="0.054"/>
  <system-out><![CDATA[2022-05-09 00:33:22.839  INFO 9848 --- [    Test worker] .b.t.c.SpringBootTestContextBootstrapper : Neither @ContextConfiguration nor @ContextHierarchy found for test class [com.cg.TestMaintenance], using SpringBootContextLoader
2022-05-09 00:33:22.841  INFO 9848 --- [    Test worker] o.s.t.c.support.AbstractContextLoader    : Could not detect default resource locations for test class [com.cg.TestMaintenance]: no resource found for suffixes {-context.xml, Context.groovy}.
2022-05-09 00:33:22.842  INFO 9848 --- [    Test worker] t.c.s.AnnotationConfigContextLoaderUtils : Could not detect default configuration classes for test class [com.cg.TestMaintenance]: TestMaintenance does not declare any static, non-private, non-final, nested classes annotated with @Configuration.
2022-05-09 00:33:22.848  INFO 9848 --- [    Test worker] .b.t.c.SpringBootTestContextBootstrapper : Found @SpringBootConfiguration com.cg.ProjectManagmentSystemApplication for test class com.cg.TestMaintenance
2022-05-09 00:33:22.852  INFO 9848 --- [    Test worker] .b.t.c.SpringBootTestContextBootstrapper : Loaded default TestExecutionListener class names from location [META-INF/spring.factories]: [org.springframework.boot.test.autoconfigure.restdocs.RestDocsTestExecutionListener, org.springframework.boot.test.autoconfigure.web.client.MockRestServiceServerResetTestExecutionListener, org.springframework.boot.test.autoconfigure.web.servlet.MockMvcPrintOnlyOnFailureTestExecutionListener, org.springframework.boot.test.autoconfigure.web.servlet.WebDriverTestExecutionListener, org.springframework.boot.test.autoconfigure.webservices.client.MockWebServiceServerTestExecutionListener, org.springframework.boot.test.mock.mockito.MockitoTestExecutionListener, org.springframework.boot.test.mock.mockito.ResetMocksTestExecutionListener, org.springframework.test.context.web.ServletTestExecutionListener, org.springframework.test.context.support.DirtiesContextBeforeModesTestExecutionListener, org.springframework.test.context.event.ApplicationEventsTestExecutionListener, org.springframework.test.context.support.DependencyInjectionTestExecutionListener, org.springframework.test.context.support.DirtiesContextTestExecutionListener, org.springframework.test.context.transaction.TransactionalTestExecutionListener, org.springframework.test.context.jdbc.SqlScriptsTestExecutionListener, org.springframework.test.context.event.EventPublishingTestExecutionListener]
2022-05-09 00:33:22.853  INFO 9848 --- [    Test worker] .b.t.c.SpringBootTestContextBootstrapper : Using TestExecutionListeners: [org.springframework.test.context.web.ServletTestExecutionListener@3299ee2c, org.springframework.test.context.support.DirtiesContextBeforeModesTestExecutionListener@542759f, org.springframework.test.context.event.ApplicationEventsTestExecutionListener@68ac6e6e, org.springframework.boot.test.mock.mockito.MockitoTestExecutionListener@6eb6750f, org.springframework.boot.test.autoconfigure.SpringBootDependencyInjectionTestExecutionListener@13231e7b, org.springframework.test.context.support.DirtiesContextTestExecutionListener@55b7f0d, org.springframework.test.context.transaction.TransactionalTestExecutionListener@e0faed6, org.springframework.test.context.jdbc.SqlScriptsTestExecutionListener@53ccbc15, org.springframework.test.context.event.EventPublishingTestExecutionListener@5817b0d1, org.springframework.boot.test.autoconfigure.restdocs.RestDocsTestExecutionListener@6ea1fc9, org.springframework.boot.test.autoconfigure.web.client.MockRestServiceServerResetTestExecutionListener@75e068dc, org.springframework.boot.test.autoconfigure.web.servlet.MockMvcPrintOnlyOnFailureTestExecutionListener@437a4e61, org.springframework.boot.test.autoconfigure.web.servlet.WebDriverTestExecutionListener@268eefe7, org.springframework.boot.test.autoconfigure.webservices.client.MockWebServiceServerTestExecutionListener@704ca8a8, org.springframework.boot.test.mock.mockito.ResetMocksTestExecutionListener@61c98f5]

  .   ____          _            __ _ _
 /\\ / ___'_ __ _ _(_)_ __  __ _ \ \ \ \
( ( )\___ | '_ | '_| | '_ \/ _` | \ \ \ \
 \\/  ___)| |_)| | | | | || (_| |  ) ) ) )
  '  |____| .__|_| |_|_| |_\__, | / / / /
 =========|_|==============|___/=/_/_/_/
 :: Spring Boot ::                (v2.6.6)

2022-05-09 00:33:22.897  INFO 9848 --- [    Test worker] com.cg.TestMaintenance                   : Starting TestMaintenance using Java 18 on Rishabh with PID 9848 (started by risha in C:\Users\risha\Documents\pp\ProjectManagmentSystem)
2022-05-09 00:33:22.898  INFO 9848 --- [    Test worker] com.cg.TestMaintenance                   : No active profile set, falling back to 1 default profile: "default"
2022-05-09 00:33:23.406  INFO 9848 --- [    Test worker] .s.d.r.c.RepositoryConfigurationDelegate : Bootstrapping Spring Data JPA repositories in DEFAULT mode.
2022-05-09 00:33:23.491  INFO 9848 --- [    Test worker] .s.d.r.c.RepositoryConfigurationDelegate : Finished Spring Data repository scanning in 83 ms. Found 10 JPA repository interfaces.
2022-05-09 00:33:24.194  INFO 9848 --- [    Test worker] o.hibernate.jpa.internal.util.LogHelper  : HHH000204: Processing PersistenceUnitInfo [name: default]
2022-05-09 00:33:24.218  INFO 9848 --- [    Test worker] com.zaxxer.hikari.HikariDataSource       : HikariPool-2 - Starting...
2022-05-09 00:33:24.306  INFO 9848 --- [    Test worker] com.zaxxer.hikari.HikariDataSource       : HikariPool-2 - Start completed.
2022-05-09 00:33:24.307  INFO 9848 --- [    Test worker] org.hibernate.dialect.Dialect            : HHH000400: Using dialect: org.hibernate.dialect.PostgreSQLDialect
2022-05-09 00:33:24.317  WARN 9848 --- [    Test worker] org.hibernate.cfg.AnnotationBinder       : HHH000457: Joined inheritance hierarchy [com.cg.entities.Person] defined explicit @DiscriminatorColumn.  Legacy Hibernate behavior was to ignore the @DiscriminatorColumn.  However, as part of issue HHH-6911 we now apply the explicit @DiscriminatorColumn.  If you would prefer the legacy behavior, enable the `hibernate.discriminator.ignore_explicit_for_joined` setting (hibernate.discriminator.ignore_explicit_for_joined=true)
2022-05-09 00:33:25.145  INFO 9848 --- [    Test worker] o.h.e.t.j.p.i.JtaPlatformInitiator       : HHH000490: Using JtaPlatform implementation: [org.hibernate.engine.transaction.jta.platform.internal.NoJtaPlatform]
2022-05-09 00:33:25.147  INFO 9848 --- [    Test worker] j.LocalContainerEntityManagerFactoryBean : Initialized JPA EntityManagerFactory for persistence unit 'default'
2022-05-09 00:33:25.722  WARN 9848 --- [    Test worker] JpaBaseConfiguration$JpaWebConfiguration : spring.jpa.open-in-view is enabled by default. Therefore, database queries may be performed during view rendering. Explicitly configure spring.jpa.open-in-view to disable this warning
2022-05-09 00:33:27.231  INFO 9848 --- [    Test worker] o.s.s.web.DefaultSecurityFilterChain     : Will not secure any request
2022-05-09 00:33:27.338  INFO 9848 --- [    Test worker] com.cg.TestMaintenance                   : Started TestMaintenance in 4.481 seconds (JVM running for 22.08)
]]></system-out>
  <system-err><![CDATA[]]></system-err>
</testsuite>
